<?xml version="1.0" encoding="UTF-8"?>
<testng-results ignored="0" total="2" passed="2" failed="0" skipped="0">
  <reporter-output>
  </reporter-output>
  <suite started-at="2023-06-25T12:40:43 IST" name="Suite" finished-at="2023-06-25T12:40:50 IST" duration-ms="6271">
    <groups>
    </groups>
    <test started-at="2023-06-25T12:40:43 IST" name="Test" finished-at="2023-06-25T12:40:50 IST" duration-ms="6271">
      <class name="test.FbLoginTest">
        <test-method is-config="true" signature="setup()[pri:0, instance:test.FbLoginTest@723ca036]" started-at="2023-06-25T12:40:43 IST" name="setup" finished-at="2023-06-25T12:40:46 IST" duration-ms="2560" status="PASS">
          <reporter-output>
          </reporter-output>
        </test-method> <!-- setup -->
        <test-method signature="testlogin()[pri:0, instance:test.FbLoginTest@723ca036]" started-at="2023-06-25T12:40:49 IST" name="testlogin" finished-at="2023-06-25T12:40:50 IST" duration-ms="296" status="PASS">
          <reporter-output>
          </reporter-output>
        </test-method> <!-- testlogin -->
      </class> <!-- test.FbLoginTest -->
      <class name="test.Fbcreatetest">
        <test-method is-config="true" signature="setup()[pri:0, instance:test.Fbcreatetest@6f10d5b6]" started-at="2023-06-25T12:40:46 IST" name="setup" finished-at="2023-06-25T12:40:48 IST" duration-ms="1687" status="PASS">
          <reporter-output>
          </reporter-output>
        </test-method> <!-- setup -->
        <test-method signature="Createpagetest()[pri:0, instance:test.Fbcreatetest@6f10d5b6]" started-at="2023-06-25T12:40:48 IST" name="Createpagetest" finished-at="2023-06-25T12:40:49 IST" duration-ms="1692" status="PASS">
          <reporter-output>
          </reporter-output>
        </test-method> <!-- Createpagetest -->
      </class> <!-- test.Fbcreatetest -->
    </test> <!-- Test -->
  </suite> <!-- Suite -->
</testng-results>
